<?xml version="1.0" encoding="UTF-8"?>
<testsuite name="com.blog.authorization.service.AuthorizationServiceApplicationTests" tests="1" skipped="0" failures="0" errors="0" timestamp="2023-10-05T09:29:11" hostname="C02DD34WMD6T" time="0.693">
  <properties/>
  <testcase name="contextLoads()" classname="com.blog.authorization.service.AuthorizationServiceApplicationTests" time="0.693"/>
  <system-out><![CDATA[11:29:08.898 [Test worker] INFO org.springframework.test.context.support.AnnotationConfigContextLoaderUtils -- Could not detect default configuration classes for test class [com.blog.authorization.service.AuthorizationServiceApplicationTests]: AuthorizationServiceApplicationTests does not declare any static, non-private, non-final, nested classes annotated with @Configuration.
11:29:08.975 [Test worker] INFO org.springframework.boot.test.context.SpringBootTestContextBootstrapper -- Found @SpringBootConfiguration com.blog.authorization.service.AuthorizationServiceApplication for test class com.blog.authorization.service.AuthorizationServiceApplicationTests

  .   ____          _            __ _ _
 /\\ / ___'_ __ _ _(_)_ __  __ _ \ \ \ \
( ( )\___ | '_ | '_| | '_ \/ _` | \ \ \ \
 \\/  ___)| |_)| | | | | || (_| |  ) ) ) )
  '  |____| .__|_| |_|_| |_\__, | / / / /
 =========|_|==============|___/=/_/_/_/
 :: Spring Boot ::                (v3.1.4)

2023-10-05T11:29:09.250+02:00  INFO 5858 --- [    Test worker] a.s.AuthorizationServiceApplicationTests : Starting AuthorizationServiceApplicationTests using Java 20.0.1 with PID 5858 (started by perororo in /Users/perororo/Development/blog/authorization-service)
2023-10-05T11:29:09.251+02:00  INFO 5858 --- [    Test worker] a.s.AuthorizationServiceApplicationTests : No active profile set, falling back to 1 default profile: "default"
2023-10-05T11:29:10.500+02:00  WARN 5858 --- [    Test worker] .s.s.UserDetailsServiceAutoConfiguration : 

Using generated security password: 6a0c2276-0a8a-4fc0-85a2-3bf70c1fbda4

This generated password is for development use only. Your security configuration must be updated before running your application in production.

2023-10-05T11:29:10.595+02:00  INFO 5858 --- [    Test worker] o.s.b.a.e.web.EndpointLinksResolver      : Exposing 1 endpoint(s) beneath base path '/actuator'
2023-10-05T11:29:10.604+02:00  INFO 5858 --- [    Test worker] o.s.s.web.DefaultSecurityFilterChain     : Will secure any request with [org.springframework.security.web.session.DisableEncodeUrlFilter@134a8ead, org.springframework.security.web.context.request.async.WebAsyncManagerIntegrationFilter@427308f8, org.springframework.security.web.context.SecurityContextHolderFilter@6f15f52a, org.springframework.security.web.header.HeaderWriterFilter@31881aa2, org.springframework.web.filter.CorsFilter@54247647, org.springframework.security.web.csrf.CsrfFilter@204d9edf, org.springframework.security.web.authentication.logout.LogoutFilter@68e5c7ae, org.springframework.security.web.authentication.UsernamePasswordAuthenticationFilter@3e6748ae, org.springframework.security.web.authentication.ui.DefaultLoginPageGeneratingFilter@682e445e, org.springframework.security.web.authentication.ui.DefaultLogoutPageGeneratingFilter@4975dda1, org.springframework.security.web.authentication.www.BasicAuthenticationFilter@68aec50, org.springframework.security.web.savedrequest.RequestCacheAwareFilter@341c6ac2, org.springframework.security.web.servletapi.SecurityContextHolderAwareRequestFilter@7c71c889, org.springframework.security.web.authentication.AnonymousAuthenticationFilter@e0d1dc4, org.springframework.security.web.access.ExceptionTranslationFilter@60deefed, org.springframework.security.web.access.intercept.AuthorizationFilter@9a9aa68]
2023-10-05T11:29:11.164+02:00  INFO 5858 --- [    Test worker] a.s.AuthorizationServiceApplicationTests : Started AuthorizationServiceApplicationTests in 2.091 seconds (process running for 3.052)
]]></system-out>
  <system-err><![CDATA[]]></system-err>
</testsuite>
